0 info it worked if it ends with ok
1 verbose cli [ 'C:\\Program Files\\nodejs\\node.exe',
1 verbose cli   'C:\\Program Files\\nodejs\\node_modules\\npm\\bin\\npm-cli.js',
1 verbose cli   'run',
1 verbose cli   'transpilar' ]
2 info using npm@3.10.10
3 info using node@v6.10.0
4 verbose run-script [ 'pretranspilar', 'transpilar', 'posttranspilar' ]
5 info lifecycle taller-es6@1.0.0~pretranspilar: taller-es6@1.0.0
6 silly lifecycle taller-es6@1.0.0~pretranspilar: no script for pretranspilar, continuing
7 info lifecycle taller-es6@1.0.0~transpilar: taller-es6@1.0.0
8 verbose lifecycle taller-es6@1.0.0~transpilar: unsafe-perm in lifecycle true
9 verbose lifecycle taller-es6@1.0.0~transpilar: PATH: C:\Program Files\nodejs\node_modules\npm\bin\node-gyp-bin;C:\Users\Alumna4G\desktop\taller-es6\node_modules\.bin;C:\Users\Alumna4G\bin;C:\Program Files\Git\mingw64\bin;C:\Program Files\Git\usr\local\bin;C:\Program Files\Git\usr\bin;C:\Program Files\Git\usr\bin;C:\Program Files\Git\mingw64\bin;C:\Program Files\Git\usr\bin;C:\Users\Alumna4G\bin;C:\Windows\system32;C:\Windows;C:\Windows\System32\Wbem;C:\Windows\System32\WindowsPowerShell\v1.0;C:\Program Files\Git\cmd;C:\Program Files\nodejs;C:\Program Files (x86)\Brackets\command;C:\Users\Alumna4G\AppData\Roaming\npm;C:\Users\Alumna4G\AppData\Local\atom\bin;C:\Program Files\Git\usr\bin\vendor_perl;C:\Program Files\Git\usr\bin\core_perl
10 verbose lifecycle taller-es6@1.0.0~transpilar: CWD: C:\Users\Alumna4G\desktop\taller-es6
11 silly lifecycle taller-es6@1.0.0~transpilar: Args: [ '/d /s /c', 'babel app.js -o app-es5.js' ]
12 silly lifecycle taller-es6@1.0.0~transpilar: Returned: code: 1  signal: null
13 info lifecycle taller-es6@1.0.0~transpilar: Failed to exec transpilar script
14 verbose stack Error: taller-es6@1.0.0 transpilar: `babel app.js -o app-es5.js`
14 verbose stack Exit status 1
14 verbose stack     at EventEmitter.<anonymous> (C:\Program Files\nodejs\node_modules\npm\lib\utils\lifecycle.js:255:16)
14 verbose stack     at emitTwo (events.js:106:13)
14 verbose stack     at EventEmitter.emit (events.js:191:7)
14 verbose stack     at ChildProcess.<anonymous> (C:\Program Files\nodejs\node_modules\npm\lib\utils\spawn.js:40:14)
14 verbose stack     at emitTwo (events.js:106:13)
14 verbose stack     at ChildProcess.emit (events.js:191:7)
14 verbose stack     at maybeClose (internal/child_process.js:877:16)
14 verbose stack     at Process.ChildProcess._handle.onexit (internal/child_process.js:226:5)
15 verbose pkgid taller-es6@1.0.0
16 verbose cwd C:\Users\Alumna4G\desktop\taller-es6
17 error Windows_NT 6.3.9600
18 error argv "C:\\Program Files\\nodejs\\node.exe" "C:\\Program Files\\nodejs\\node_modules\\npm\\bin\\npm-cli.js" "run" "transpilar"
19 error node v6.10.0
20 error npm  v3.10.10
21 error code ELIFECYCLE
22 error taller-es6@1.0.0 transpilar: `babel app.js -o app-es5.js`
22 error Exit status 1
23 error Failed at the taller-es6@1.0.0 transpilar script 'babel app.js -o app-es5.js'.
23 error Make sure you have the latest version of node.js and npm installed.
23 error If you do, this is most likely a problem with the taller-es6 package,
23 error not with npm itself.
23 error Tell the author that this fails on your system:
23 error     babel app.js -o app-es5.js
23 error You can get information on how to open an issue for this project with:
23 error     npm bugs taller-es6
23 error Or if that isn't available, you can get their info via:
23 error     npm owner ls taller-es6
23 error There is likely additional logging output above.
24 verbose exit [ 1, true ]
